{"C:\\Users\\hp\\Documents\\hng-stage-3-task\\src\\components\\HabitForm.tsx": {"path":"C:\\Users\\hp\\Documents\\hng-stage-3-task\\src\\components\\HabitForm.tsx","statementMap":{"0":{"start":{"line":3,"column":6},"end":{"line":22,"column":null}},"1":{"start":{"line":4,"column":15},"end":{"line":4,"column":38}},"2":{"start":{"line":6,"column":8},"end":{"line":10,"column":null}},"3":{"start":{"line":7,"column":4},"end":{"line":7,"column":null}},"4":{"start":{"line":8,"column":4},"end":{"line":8,"column":null}},"5":{"start":{"line":8,"column":22},"end":{"line":8,"column":null}},"6":{"start":{"line":9,"column":4},"end":{"line":9,"column":null}},"7":{"start":{"line":10,"column":4},"end":{"line":10,"column":null}},"8":{"start":{"line":13,"column":2},"end":{"line":22,"column":null}},"9":{"start":{"line":19,"column":25},"end":{"line":19,"column":48}}},"fnMap":{"0":{"name":"(anonymous_0)","decl":{"start":{"line":3,"column":6},"end":{"line":3,"column":19}},"loc":{"start":{"line":3,"column":66},"end":{"line":22,"column":null}},"line":3},"1":{"name":"(anonymous_1)","decl":{"start":{"line":6,"column":8},"end":{"line":6,"column":24}},"loc":{"start":{"line":6,"column":47},"end":{"line":10,"column":null}},"line":6},"2":{"name":"(anonymous_2)","decl":{"start":{"line":19,"column":8},"end":{"line":19,"column":19}},"loc":{"start":{"line":19,"column":25},"end":{"line":19,"column":48}},"line":19}},"branchMap":{"0":{"loc":{"start":{"line":8,"column":4},"end":{"line":8,"column":null}},"type":"if","locations":[{"start":{"line":8,"column":4},"end":{"line":8,"column":null}},{"start":{},"end":{}}],"line":8}},"s":{"0":1,"1":3,"2":3,"3":1,"4":1,"5":0,"6":1,"7":1,"8":3,"9":1},"f":{"0":3,"1":1,"2":1},"b":{"0":[0,1]},"meta":{"lastBranch":1,"lastFunction":3,"lastStatement":10,"seen":{"s:3:6:22:Infinity":0,"f:3:6:3:19":0,"s:4:15:4:38":1,"s:6:8:10:Infinity":2,"f:6:8:6:24":1,"s:7:4:7:Infinity":3,"b:8:4:8:Infinity:undefined:undefined:undefined:undefined":0,"s:8:4:8:Infinity":4,"s:8:22:8:Infinity":5,"s:9:4:9:Infinity":6,"s:10:4:10:Infinity":7,"s:13:2:22:Infinity":8,"f:19:8:19:19":2,"s:19:25:19:48":9}}}
,"C:\\Users\\hp\\Documents\\hng-stage-3-task\\src\\utils\\habits.ts": {"path":"C:\\Users\\hp\\Documents\\hng-stage-3-task\\src\\utils\\habits.ts","statementMap":{"0":{"start":{"line":7,"column":13},"end":{"line":20,"column":null}},"1":{"start":{"line":8,"column":22},"end":{"line":8,"column":54}},"2":{"start":{"line":10,"column":25},"end":{"line":12,"column":34}},"3":{"start":{"line":11,"column":38},"end":{"line":11,"column":49}},"4":{"start":{"line":15,"column":27},"end":{"line":15,"column":62}},"5":{"start":{"line":17,"column":2},"end":{"line":20,"column":null}}},"fnMap":{"0":{"name":"(anonymous_0)","decl":{"start":{"line":7,"column":13},"end":{"line":7,"column":38}},"loc":{"start":{"line":7,"column":76},"end":{"line":20,"column":null}},"line":7},"1":{"name":"(anonymous_1)","decl":{"start":{"line":11,"column":24},"end":{"line":11,"column":32}},"loc":{"start":{"line":11,"column":38},"end":{"line":11,"column":49}},"line":11}},"branchMap":{"0":{"loc":{"start":{"line":10,"column":25},"end":{"line":12,"column":34}},"type":"cond-expr","locations":[{"start":{"line":11,"column":6},"end":{"line":11,"column":49}},{"start":{"line":12,"column":6},"end":{"line":12,"column":34}}],"line":10}},"s":{"0":1,"1":5,"2":5,"3":2,"4":5,"5":5},"f":{"0":5,"1":2},"b":{"0":[2,3]},"meta":{"lastBranch":1,"lastFunction":2,"lastStatement":6,"seen":{"s:7:13:20:Infinity":0,"f:7:13:7:38":0,"s:8:22:8:54":1,"s:10:25:12:34":2,"b:11:6:11:49:12:6:12:34":0,"f:11:24:11:32":1,"s:11:38:11:49":3,"s:15:27:15:62":4,"s:17:2:20:Infinity":5}}}
,"C:\\Users\\hp\\Documents\\hng-stage-3-task\\src\\utils\\slug.ts": {"path":"C:\\Users\\hp\\Documents\\hng-stage-3-task\\src\\utils\\slug.ts","statementMap":{"0":{"start":{"line":1,"column":13},"end":{"line":7,"column":null}},"1":{"start":{"line":2,"column":2},"end":{"line":7,"column":null}}},"fnMap":{"0":{"name":"(anonymous_0)","decl":{"start":{"line":1,"column":13},"end":{"line":1,"column":29}},"loc":{"start":{"line":1,"column":54},"end":{"line":7,"column":null}},"line":1}},"branchMap":{},"s":{"0":1,"1":3},"f":{"0":3},"b":{},"meta":{"lastBranch":0,"lastFunction":1,"lastStatement":2,"seen":{"s:1:13:7:Infinity":0,"f:1:13:1:29":0,"s:2:2:7:Infinity":1}}}
,"C:\\Users\\hp\\Documents\\hng-stage-3-task\\src\\utils\\streaks.ts": {"path":"C:\\Users\\hp\\Documents\\hng-stage-3-task\\src\\utils\\streaks.ts","statementMap":{"0":{"start":{"line":1,"column":13},"end":{"line":23,"column":null}},"1":{"start":{"line":2,"column":2},"end":{"line":2,"column":null}},"2":{"start":{"line":2,"column":26},"end":{"line":2,"column":null}},"3":{"start":{"line":5,"column":22},"end":{"line":5,"column":83}},"4":{"start":{"line":5,"column":64},"end":{"line":5,"column":82}},"5":{"start":{"line":7,"column":16},"end":{"line":7,"column":null}},"6":{"start":{"line":8,"column":2},"end":{"line":8,"column":null}},"7":{"start":{"line":8,"column":32},"end":{"line":8,"column":null}},"8":{"start":{"line":10,"column":15},"end":{"line":10,"column":null}},"9":{"start":{"line":11,"column":20},"end":{"line":11,"column":30}},"10":{"start":{"line":13,"column":2},"end":{"line":19,"column":null}},"11":{"start":{"line":14,"column":24},"end":{"line":14,"column":null}},"12":{"start":{"line":15,"column":4},"end":{"line":19,"column":null}},"13":{"start":{"line":16,"column":6},"end":{"line":16,"column":null}},"14":{"start":{"line":17,"column":6},"end":{"line":17,"column":null}},"15":{"start":{"line":19,"column":6},"end":{"line":19,"column":null}},"16":{"start":{"line":23,"column":2},"end":{"line":23,"column":null}}},"fnMap":{"0":{"name":"(anonymous_0)","decl":{"start":{"line":1,"column":13},"end":{"line":1,"column":39}},"loc":{"start":{"line":1,"column":67},"end":{"line":23,"column":null}},"line":1},"1":{"name":"(anonymous_1)","decl":{"start":{"line":5,"column":49},"end":{"line":5,"column":55}},"loc":{"start":{"line":5,"column":64},"end":{"line":5,"column":82}},"line":5}},"branchMap":{"0":{"loc":{"start":{"line":2,"column":2},"end":{"line":2,"column":null}},"type":"if","locations":[{"start":{"line":2,"column":2},"end":{"line":2,"column":null}},{"start":{},"end":{}}],"line":2},"1":{"loc":{"start":{"line":8,"column":2},"end":{"line":8,"column":null}},"type":"if","locations":[{"start":{"line":8,"column":2},"end":{"line":8,"column":null}},{"start":{},"end":{}}],"line":8},"2":{"loc":{"start":{"line":15,"column":4},"end":{"line":19,"column":null}},"type":"if","locations":[{"start":{"line":15,"column":4},"end":{"line":19,"column":null}},{"start":{"line":18,"column":11},"end":{"line":19,"column":null}}],"line":15}},"s":{"0":1,"1":5,"2":1,"3":4,"4":2,"5":4,"6":4,"7":1,"8":3,"9":3,"10":3,"11":5,"12":5,"13":4,"14":4,"15":1,"16":3},"f":{"0":5,"1":2},"b":{"0":[1,4],"1":[1,3],"2":[4,1]},"meta":{"lastBranch":3,"lastFunction":2,"lastStatement":17,"seen":{"s:1:13:23:Infinity":0,"f:1:13:1:39":0,"b:2:2:2:Infinity:undefined:undefined:undefined:undefined":0,"s:2:2:2:Infinity":1,"s:2:26:2:Infinity":2,"s:5:22:5:83":3,"f:5:49:5:55":1,"s:5:64:5:82":4,"s:7:16:7:Infinity":5,"b:8:2:8:Infinity:undefined:undefined:undefined:undefined":1,"s:8:2:8:Infinity":6,"s:8:32:8:Infinity":7,"s:10:15:10:Infinity":8,"s:11:20:11:30":9,"s:13:2:19:Infinity":10,"s:14:24:14:Infinity":11,"b:15:4:19:Infinity:18:11:19:Infinity":2,"s:15:4:19:Infinity":12,"s:16:6:16:Infinity":13,"s:17:6:17:Infinity":14,"s:19:6:19:Infinity":15,"s:23:2:23:Infinity":16}}}
,"C:\\Users\\hp\\Documents\\hng-stage-3-task\\src\\utils\\validators.ts": {"path":"C:\\Users\\hp\\Documents\\hng-stage-3-task\\src\\utils\\validators.ts","statementMap":{"0":{"start":{"line":1,"column":13},"end":{"line":8,"column":null}},"1":{"start":{"line":2,"column":2},"end":{"line":3,"column":null}},"2":{"start":{"line":3,"column":4},"end":{"line":3,"column":null}},"3":{"start":{"line":5,"column":2},"end":{"line":6,"column":null}},"4":{"start":{"line":6,"column":4},"end":{"line":6,"column":null}},"5":{"start":{"line":8,"column":2},"end":{"line":8,"column":null}}},"fnMap":{"0":{"name":"(anonymous_0)","decl":{"start":{"line":1,"column":13},"end":{"line":1,"column":34}},"loc":{"start":{"line":1,"column":51},"end":{"line":8,"column":null}},"line":1}},"branchMap":{"0":{"loc":{"start":{"line":2,"column":2},"end":{"line":3,"column":null}},"type":"if","locations":[{"start":{"line":2,"column":2},"end":{"line":3,"column":null}},{"start":{},"end":{}}],"line":2},"1":{"loc":{"start":{"line":2,"column":6},"end":{"line":2,"column":41}},"type":"binary-expr","locations":[{"start":{"line":2,"column":6},"end":{"line":2,"column":15}},{"start":{"line":2,"column":15},"end":{"line":2,"column":41}}],"line":2},"2":{"loc":{"start":{"line":5,"column":2},"end":{"line":6,"column":null}},"type":"if","locations":[{"start":{"line":5,"column":2},"end":{"line":6,"column":null}},{"start":{},"end":{}}],"line":5}},"s":{"0":1,"1":3,"2":1,"3":2,"4":1,"5":1},"f":{"0":3},"b":{"0":[1,2],"1":[3,2],"2":[1,1]},"meta":{"lastBranch":3,"lastFunction":1,"lastStatement":6,"seen":{"s:1:13:8:Infinity":0,"f:1:13:1:34":0,"b:2:2:3:Infinity:undefined:undefined:undefined:undefined":0,"s:2:2:3:Infinity":1,"b:2:6:2:15:2:15:2:41":1,"s:3:4:3:Infinity":2,"b:5:2:6:Infinity:undefined:undefined:undefined:undefined":2,"s:5:2:6:Infinity":3,"s:6:4:6:Infinity":4,"s:8:2:8:Infinity":5}}}
}
